mode: set
github.com/sudo-odner/yadro-event-processor/internal/processor/processor.go:19.41,24.2 1 1
github.com/sudo-odner/yadro-event-processor/internal/processor/processor.go:26.52,28.9 2 1
github.com/sudo-odner/yadro-event-processor/internal/processor/processor.go:28.9,34.3 2 1
github.com/sudo-odner/yadro-event-processor/internal/processor/processor.go:36.2,36.25 1 1
github.com/sudo-odner/yadro-event-processor/internal/processor/processor.go:36.25,39.3 1 0
github.com/sudo-odner/yadro-event-processor/internal/processor/processor.go:42.2,42.30 1 1
github.com/sudo-odner/yadro-event-processor/internal/processor/processor.go:42.30,45.3 2 0
github.com/sudo-odner/yadro-event-processor/internal/processor/processor.go:48.2,48.58 1 1
github.com/sudo-odner/yadro-event-processor/internal/processor/processor.go:48.58,51.3 2 1
github.com/sudo-odner/yadro-event-processor/internal/processor/processor.go:53.2,53.17 1 1
github.com/sudo-odner/yadro-event-processor/internal/processor/processor.go:54.25,56.59 2 1
github.com/sudo-odner/yadro-event-processor/internal/processor/processor.go:58.24,59.28 1 1
github.com/sudo-odner/yadro-event-processor/internal/processor/processor.go:59.28,62.4 2 0
github.com/sudo-odner/yadro-event-processor/internal/processor/processor.go:63.3,63.38 1 1
github.com/sudo-odner/yadro-event-processor/internal/processor/processor.go:63.38,66.4 2 0
github.com/sudo-odner/yadro-event-processor/internal/processor/processor.go:67.3,70.45 4 1
github.com/sudo-odner/yadro-event-processor/internal/processor/processor.go:70.45,75.4 1 1
github.com/sudo-odner/yadro-event-processor/internal/processor/processor.go:76.3,81.68 3 1
github.com/sudo-odner/yadro-event-processor/internal/processor/processor.go:83.28,84.112 1 1
github.com/sudo-odner/yadro-event-processor/internal/processor/processor.go:84.112,87.4 2 0
github.com/sudo-odner/yadro-event-processor/internal/processor/processor.go:88.3,89.20 2 1
github.com/sudo-odner/yadro-event-processor/internal/processor/processor.go:89.20,92.4 2 0
github.com/sudo-odner/yadro-event-processor/internal/processor/processor.go:93.3,95.37 3 1
github.com/sudo-odner/yadro-event-processor/internal/processor/processor.go:95.37,98.4 2 1
github.com/sudo-odner/yadro-event-processor/internal/processor/processor.go:100.26,101.69 1 1
github.com/sudo-odner/yadro-event-processor/internal/processor/processor.go:101.69,104.4 2 0
github.com/sudo-odner/yadro-event-processor/internal/processor/processor.go:105.3,106.21 2 1
github.com/sudo-odner/yadro-event-processor/internal/processor/processor.go:106.21,108.4 1 0
github.com/sudo-odner/yadro-event-processor/internal/processor/processor.go:109.3,111.71 3 1
github.com/sudo-odner/yadro-event-processor/internal/processor/processor.go:113.30,114.56 1 0
github.com/sudo-odner/yadro-event-processor/internal/processor/processor.go:114.56,117.4 2 0
github.com/sudo-odner/yadro-event-processor/internal/processor/processor.go:118.3,119.21 2 0
github.com/sudo-odner/yadro-event-processor/internal/processor/processor.go:119.21,121.4 1 0
github.com/sudo-odner/yadro-event-processor/internal/processor/processor.go:122.3,124.75 3 0
github.com/sudo-odner/yadro-event-processor/internal/processor/processor.go:126.36,127.69 1 1
github.com/sudo-odner/yadro-event-processor/internal/processor/processor.go:127.69,130.4 2 0
github.com/sudo-odner/yadro-event-processor/internal/processor/processor.go:131.3,131.73 1 1
github.com/sudo-odner/yadro-event-processor/internal/processor/processor.go:133.25,134.115 1 1
github.com/sudo-odner/yadro-event-processor/internal/processor/processor.go:134.115,137.4 2 0
github.com/sudo-odner/yadro-event-processor/internal/processor/processor.go:138.3,141.64 4 1
github.com/sudo-odner/yadro-event-processor/internal/processor/processor.go:143.28,145.34 2 1
github.com/sudo-odner/yadro-event-processor/internal/processor/processor.go:145.34,147.4 1 1
github.com/sudo-odner/yadro-event-processor/internal/processor/processor.go:148.3,149.65 2 1
github.com/sudo-odner/yadro-event-processor/internal/processor/processor.go:151.23,152.28 1 0
github.com/sudo-odner/yadro-event-processor/internal/processor/processor.go:152.28,154.4 1 0
github.com/sudo-odner/yadro-event-processor/internal/processor/processor.go:154.9,156.4 1 0
github.com/sudo-odner/yadro-event-processor/internal/processor/processor.go:158.23,161.22 3 0
github.com/sudo-odner/yadro-event-processor/internal/processor/processor.go:161.22,163.4 1 0
github.com/sudo-odner/yadro-event-processor/internal/processor/processor.go:164.3,164.91 1 0
github.com/sudo-odner/yadro-event-processor/internal/processor/processor.go:166.23,170.21 4 0
github.com/sudo-odner/yadro-event-processor/internal/processor/processor.go:170.21,174.4 3 0
github.com/sudo-odner/yadro-event-processor/internal/processor/processor.go:178.67,179.34 1 1
github.com/sudo-odner/yadro-event-processor/internal/processor/processor.go:179.34,180.21 1 1
github.com/sudo-odner/yadro-event-processor/internal/processor/processor.go:180.21,182.4 1 0
github.com/sudo-odner/yadro-event-processor/internal/processor/processor.go:184.2,184.13 1 1
github.com/sudo-odner/yadro-event-processor/internal/processor/processor.go:187.75,193.2 5 1
github.com/sudo-odner/yadro-event-processor/internal/processor/processor.go:195.101,197.2 1 0
github.com/sudo-odner/yadro-event-processor/internal/processor/processor.go:199.72,203.2 3 1
github.com/sudo-odner/yadro-event-processor/internal/processor/processor.go:205.96,206.25 1 1
github.com/sudo-odner/yadro-event-processor/internal/processor/processor.go:206.25,208.3 1 0
github.com/sudo-odner/yadro-event-processor/internal/processor/processor.go:209.2,211.74 3 1
github.com/sudo-odner/yadro-event-processor/internal/processor/processor.go:211.74,213.21 2 1
github.com/sudo-odner/yadro-event-processor/internal/processor/processor.go:213.21,215.4 1 1
github.com/sudo-odner/yadro-event-processor/internal/processor/processor.go:219.36,221.35 2 1
github.com/sudo-odner/yadro-event-processor/internal/processor/processor.go:221.35,222.26 1 1
github.com/sudo-odner/yadro-event-processor/internal/processor/processor.go:222.26,223.28 1 1
github.com/sudo-odner/yadro-event-processor/internal/processor/processor.go:223.28,225.5 1 1
github.com/sudo-odner/yadro-event-processor/internal/processor/processor.go:225.10,227.5 1 0
github.com/sudo-odner/yadro-event-processor/internal/processor/processor.go:232.42,234.2 1 0
github.com/sudo-odner/yadro-event-processor/internal/processor/processor.go:236.40,241.28 4 1
github.com/sudo-odner/yadro-event-processor/internal/processor/processor.go:241.28,243.3 1 1
github.com/sudo-odner/yadro-event-processor/internal/processor/processor.go:244.2,246.25 2 1
github.com/sudo-odner/yadro-event-processor/internal/processor/processor.go:246.25,248.3 1 1
github.com/sudo-odner/yadro-event-processor/internal/processor/processor.go:249.2,249.15 1 1
github.com/sudo-odner/yadro-event-processor/internal/domain/player.go:39.47,44.2 4 1
github.com/sudo-odner/yadro-event-processor/internal/domain/player.go:46.34,48.21 2 1
github.com/sudo-odner/yadro-event-processor/internal/domain/player.go:48.21,50.3 1 1
github.com/sudo-odner/yadro-event-processor/internal/domain/player.go:52.2,55.33 4 1
github.com/sudo-odner/yadro-event-processor/internal/domain/player.go:55.33,56.24 1 1
github.com/sudo-odner/yadro-event-processor/internal/domain/player.go:56.24,57.20 1 1
github.com/sudo-odner/yadro-event-processor/internal/domain/player.go:57.20,59.5 1 1
github.com/sudo-odner/yadro-event-processor/internal/domain/player.go:59.10,62.5 2 1
github.com/sudo-odner/yadro-event-processor/internal/domain/player.go:66.2,67.29 2 1
github.com/sudo-odner/yadro-event-processor/internal/domain/player.go:67.29,69.3 1 1
github.com/sudo-odner/yadro-event-processor/internal/domain/player.go:71.2,78.3 1 1
github.com/sudo-odner/yadro-event-processor/internal/domain/time.go:12.54,14.16 2 0
github.com/sudo-odner/yadro-event-processor/internal/domain/time.go:14.16,16.3 1 0
github.com/sudo-odner/yadro-event-processor/internal/domain/time.go:17.2,20.68 3 0
github.com/sudo-odner/yadro-event-processor/internal/domain/time.go:20.68,22.3 1 0
github.com/sudo-odner/yadro-event-processor/internal/domain/time.go:24.2,25.12 2 0
github.com/sudo-odner/yadro-event-processor/internal/domain/time.go:28.40,33.2 4 0
github.com/sudo-odner/yadro-event-processor/internal/event_parser/eventparcer.go:16.25,18.2 1 1
github.com/sudo-odner/yadro-event-processor/internal/event_parser/eventparcer.go:20.69,22.16 2 1
github.com/sudo-odner/yadro-event-processor/internal/event_parser/eventparcer.go:22.16,24.3 1 0
github.com/sudo-odner/yadro-event-processor/internal/event_parser/eventparcer.go:26.2,30.25 3 1
github.com/sudo-odner/yadro-event-processor/internal/event_parser/eventparcer.go:30.25,32.3 1 1
github.com/sudo-odner/yadro-event-processor/internal/event_parser/eventparcer.go:34.2,34.56 1 1
github.com/sudo-odner/yadro-event-processor/internal/event_parser/eventparcer.go:34.56,36.3 1 1
github.com/sudo-odner/yadro-event-processor/internal/event_parser/eventparcer.go:39.2,39.19 1 1
github.com/sudo-odner/yadro-event-processor/internal/event_parser/eventparcer.go:39.19,41.3 1 1
github.com/sudo-odner/yadro-event-processor/internal/event_parser/eventparcer.go:42.2,42.18 1 1
github.com/sudo-odner/yadro-event-processor/internal/event_parser/eventparcer.go:42.18,44.3 1 0
github.com/sudo-odner/yadro-event-processor/internal/event_parser/eventparcer.go:46.2,47.30 2 1
github.com/sudo-odner/yadro-event-processor/internal/event_parser/eventparcer.go:47.30,49.3 1 1
github.com/sudo-odner/yadro-event-processor/internal/event_parser/eventparcer.go:50.2,54.20 4 1
github.com/sudo-odner/yadro-event-processor/internal/event_parser/eventparcer.go:54.20,56.3 1 1
github.com/sudo-odner/yadro-event-processor/internal/event_parser/eventparcer.go:58.2,63.8 1 1
github.com/sudo-odner/yadro-event-processor/cmd/dangeon/main.go:14.13,19.23 4 0
github.com/sudo-odner/yadro-event-processor/cmd/dangeon/main.go:19.23,23.3 3 0
github.com/sudo-odner/yadro-event-processor/cmd/dangeon/main.go:25.2,30.23 5 0
github.com/sudo-odner/yadro-event-processor/cmd/dangeon/main.go:30.23,33.17 2 0
github.com/sudo-odner/yadro-event-processor/cmd/dangeon/main.go:33.17,36.4 2 0
github.com/sudo-odner/yadro-event-processor/cmd/dangeon/main.go:37.3,38.35 2 0
github.com/sudo-odner/yadro-event-processor/cmd/dangeon/main.go:39.8,42.3 1 0
github.com/sudo-odner/yadro-event-processor/cmd/dangeon/main.go:44.2,44.21 1 0
github.com/sudo-odner/yadro-event-processor/cmd/dangeon/main.go:44.21,46.17 2 0
github.com/sudo-odner/yadro-event-processor/cmd/dangeon/main.go:46.17,47.12 1 0
github.com/sudo-odner/yadro-event-processor/cmd/dangeon/main.go:49.3,50.17 2 0
github.com/sudo-odner/yadro-event-processor/cmd/dangeon/main.go:50.17,52.12 2 0
github.com/sudo-odner/yadro-event-processor/cmd/dangeon/main.go:54.3,54.24 1 0
github.com/sudo-odner/yadro-event-processor/cmd/dangeon/main.go:57.2,57.38 1 0
github.com/sudo-odner/yadro-event-processor/cmd/dangeon/main.go:57.38,59.3 1 0
github.com/sudo-odner/yadro-event-processor/cmd/dangeon/main.go:62.2,65.41 2 0
github.com/sudo-odner/yadro-event-processor/cmd/dangeon/main.go:65.41,67.3 1 0
github.com/sudo-odner/yadro-event-processor/cmd/dangeon/main.go:70.2,70.29 1 0
github.com/sudo-odner/yadro-event-processor/internal/config/config.go:19.42,21.62 2 0
github.com/sudo-odner/yadro-event-processor/internal/config/config.go:21.62,23.3 1 0
github.com/sudo-odner/yadro-event-processor/internal/config/config.go:25.2,26.13 2 0
